Using pre-set license
Built from '2020.2/release' branch; Version is '2020.2.2f1 (068178b99f32) revision 426360'; Using compiler version '192528614'; Build Type 'Release'
OS: 'Windows 10 Home; OS build 18363.1379; Version 1909; 64bit' Language: 'en' Physical Memory: 16282 MB
BatchMode: 1, IsHumanControllingUs: 0, StartBugReporterOnCrash: 0, Is64bit: 1, IsPro: 0

 COMMAND LINE ARGUMENTS:
C:\Users\johne\OneDrive\Documents\2020.2.2f1\Editor\Unity.exe
-adb2
-batchMode
-noUpm
-name
AssetImportWorker0
-projectPath
C:/Users/johne/OneDrive/Documents/GitHub Repositories/Level-Design-Project/Week3Project_NewVersion
-logFile
Logs/AssetImportWorker0.log
-srvPort
50336
Successfully changed project path to: C:/Users/johne/OneDrive/Documents/GitHub Repositories/Level-Design-Project/Week3Project_NewVersion
C:/Users/johne/OneDrive/Documents/GitHub Repositories/Level-Design-Project/Week3Project_NewVersion
Using Asset Import Pipeline V2.
Refreshing native plugins compatible for Editor in 25.39 ms, found 0 plugins.
Preloading 0 native plugins for Editor in 0.00 ms.
Initialize engine version: 2020.2.2f1 (068178b99f32)
[Subsystems] Discovering subsystems at path C:/Users/johne/OneDrive/Documents/2020.2.2f1/Editor/Data/Resources/UnitySubsystems
[Subsystems] Discovering subsystems at path C:/Users/johne/OneDrive/Documents/GitHub Repositories/Level-Design-Project/Week3Project_NewVersion/Assets
GfxDevice: creating device client; threaded=0
Direct3D:
    Version:  Direct3D 11.0 [level 11.1]
    Renderer: NVIDIA GeForce RTX 2070 with Max-Q Design (ID=0x1f10)
    Vendor:   
    VRAM:     8031 MB
    Driver:   27.21.14.6079
Initialize mono
Mono path[0] = 'C:/Users/johne/OneDrive/Documents/2020.2.2f1/Editor/Data/Managed'
Mono path[1] = 'C:/Users/johne/OneDrive/Documents/2020.2.2f1/Editor/Data/MonoBleedingEdge/lib/mono/unityjit'
Mono config path = 'C:/Users/johne/OneDrive/Documents/2020.2.2f1/Editor/Data/MonoBleedingEdge/etc'
Using monoOptions --debugger-agent=transport=dt_socket,embedding=1,server=y,suspend=n,address=127.0.0.1:56368
Begin MonoManager ReloadAssembly
Registering precompiled unity dll's ...
Register platform support module: C:/Users/johne/OneDrive/Documents/2020.2.2f1/Editor/Data/PlaybackEngines/WebGLSupport/UnityEditor.WebGL.Extensions.dll
Register platform support module: C:/Users/johne/OneDrive/Documents/2020.2.2f1/Editor/Data/PlaybackEngines/WindowsStandaloneSupport/UnityEditor.WindowsStandalone.Extensions.dll
Registered in 0.002227 seconds.
Native extension for WindowsStandalone target not found
Native extension for WebGL target not found
Refreshing native plugins compatible for Editor in 25.90 ms, found 0 plugins.
Preloading 0 native plugins for Editor in 0.00 ms.
Invoked RoslynAnalysisRunner static constructor.
RoslynAnalysisRunner will not be running.
RoslynAnalysisRunner has terminated.
Mono: successfully reloaded assembly
- Completed reload, in  1.348 seconds
Platform modules already initialized, skipping
Registering precompiled user dll's ...
Registered in 0.000687 seconds.
Begin MonoManager ReloadAssembly
Native extension for WindowsStandalone target not found
Native extension for WebGL target not found
Refreshing native plugins compatible for Editor in 0.20 ms, found 0 plugins.
Preloading 0 native plugins for Editor in 0.00 ms.
Invoked RoslynAnalysisRunner static constructor.
RoslynAnalysisRunner will not be running.
RoslynAnalysisRunner has terminated.
Mono: successfully reloaded assembly
- Completed reload, in  0.855 seconds
Platform modules already initialized, skipping
========================================================================
Worker process is ready to serve import requests
Launched and connected shader compiler UnityShaderCompiler.exe after 0.08 seconds
Refreshing native plugins compatible for Editor in 0.20 ms, found 0 plugins.
Preloading 0 native plugins for Editor in 0.00 ms.
Unloading 1113 Unused Serialized files (Serialized files now loaded: 0)
System memory in use before: 57.7 MB.
System memory in use after: 57.8 MB.

Unloading 10 unused Assets to reduce memory usage. Loaded Objects now: 1555.
Total: 1.815900 ms (FindLiveObjects: 0.134400 ms CreateObjectMapping: 0.042600 ms MarkObjects: 1.547600 ms  DeleteObjects: 0.090400 ms)

========================================================================
Received Import Request.
  path: Assets/test
  artifactKey: Guid(9f8e011c462cccc448a4acce828d1348) Importer(815301076,1909f56bfc062723c751e8b465ee728b)
Start importing Assets/test using Guid(9f8e011c462cccc448a4acce828d1348) Importer(815301076,1909f56bfc062723c751e8b465ee728b)  -> (artifact id: '6ddbb0f5ee47d74e6118a54bc59e8d10') in 0.009976 seconds
  Import took 0.012334 seconds .

AssetImportWorkerClient::OnTransportError - code=2 error=End of file
